<?xml version="1.0" encoding="UTF-8"?>
<!-- Generated by org.testng.reporters.JUnitReportReporter -->
<testsuite hostname="DESKTOP-VK" failures="0" tests="1" name="Maven_session.maven_test" time="0.233" errors="0" timestamp="2024-09-22T11:25:49 IST" skipped="0">
  <testcase classname="Maven_session.maven_test" name="login" time="0.233"/>
</testsuite> <!-- Maven_session.maven_test -->
